#
# There is insufficient memory for the Java Runtime Environment to continue.
# Native memory allocation (malloc) failed to allocate 71303168 bytes for committing reserved memory.
# Possible reasons:
#   The system is out of physical RAM or swap space
#   In 32 bit mode, the process size limit was hit
# Possible solutions:
#   Reduce memory load on the system
#   Increase physical memory or swap space
#   Check if swap backing store is full
#   Use 64 bit Java on a 64 bit OS
#   Decrease Java heap size (-Xmx/-Xms)
#   Decrease number of Java threads
#   Decrease Java thread stack sizes (-Xss)
#   Set larger code cache with -XX:ReservedCodeCacheSize=
# This output file may be truncated or incomplete.
#
#  Out of Memory Error (os_linux.cpp:2756), pid=18318, tid=140597707433728
#
# JRE version: Java(TM) SE Runtime Environment (7.0_80-b15) (build 1.7.0_80-b15)
# Java VM: Java HotSpot(TM) 64-Bit Server VM (24.80-b11 mixed mode linux-amd64 compressed oops)
# Failed to write core dump. Core dumps have been disabled. To enable core dumping, try "ulimit -c unlimited" before starting Java again
#

---------------  T H R E A D  ---------------

Current thread (0x00007fdf7006a000):  VMThread [stack: 0x00007fdf74586000,0x00007fdf74687000] [id=18327]

Stack: [0x00007fdf74586000,0x00007fdf74687000],  sp=0x00007fdf74685240,  free space=1020k
Native frames: (J=compiled Java code, j=interpreted, Vv=VM code, C=native code)
V  [libjvm.so+0x9a320a]  VMError::report_and_die()+0x2ea
V  [libjvm.so+0x498d3b]  report_vm_out_of_memory(char const*, int, unsigned long, char const*)+0x9b
V  [libjvm.so+0x82191e]  os::Linux::commit_memory_impl(char*, unsigned long, bool)+0xfe
V  [libjvm.so+0x821e69]  os::pd_commit_memory(char*, unsigned long, unsigned long, bool)+0x29
V  [libjvm.so+0x81bb6a]  os::commit_memory(char*, unsigned long, unsigned long, bool)+0x2a
V  [libjvm.so+0x88d623]  PSVirtualSpace::expand_by(unsigned long)+0x53
V  [libjvm.so+0x88e9f8]  PSYoungGen::resize_generation(unsigned long, unsigned long)+0xf8
V  [libjvm.so+0x88db62]  PSYoungGen::resize(unsigned long, unsigned long)+0x22
V  [libjvm.so+0x88af1d]  PSScavenge::invoke_no_policy()+0xf3d
V  [libjvm.so+0x88b761]  PSScavenge::invoke()+0x41
V  [libjvm.so+0x843f40]  ParallelScavengeHeap::failed_mem_allocate(unsigned long)+0x70
V  [libjvm.so+0x9a4a97]  VM_ParallelGCFailedAllocation::doit()+0x97
V  [libjvm.so+0x9abf35]  VM_Operation::evaluate()+0x55
V  [libjvm.so+0x9aa2fa]  VMThread::evaluate_operation(VM_Operation*)+0xba
V  [libjvm.so+0x9aa67e]  VMThread::loop()+0x1ce
V  [libjvm.so+0x9aaaf0]  VMThread::run()+0x70
V  [libjvm.so+0x8238c8]  java_start(Thread*)+0x108

VM_Operation (0x00007fdf65d6e180): ParallelGCFailedAllocation, mode: safepoint, requested by thread 0x00007fdf70143000


---------------  P R O C E S S  ---------------

Java Threads: ( => current thread )
  0x00007fdf70146000 JavaThread "pool-2-thread-4" [_thread_blocked, id=18339, stack(0x00007fdf65a6d000,0x00007fdf65b6e000)]
  0x00007fdf70144800 JavaThread "pool-2-thread-3" [_thread_blocked, id=18338, stack(0x00007fdf65b6e000,0x00007fdf65c6f000)]
  0x00007fdf70143000 JavaThread "pool-2-thread-2" [_thread_blocked, id=18337, stack(0x00007fdf65c6f000,0x00007fdf65d70000)]
  0x00007fdf70141800 JavaThread "pool-3-thread-1" [_thread_blocked, id=18336, stack(0x00007fdf6c0f2000,0x00007fdf6c1f3000)]
  0x00007fdf70140000 JavaThread "pool-2-thread-1" [_thread_blocked, id=18335, stack(0x00007fdf6c1f3000,0x00007fdf6c2f4000)]
  0x00007fdf70098800 JavaThread "Service Thread" daemon [_thread_blocked, id=18333, stack(0x00007fdf6c81d000,0x00007fdf6c91e000)]
  0x00007fdf70096000 JavaThread "C2 CompilerThread1" daemon [_thread_blocked, id=18332, stack(0x00007fdf74081000,0x00007fdf74182000)]
  0x00007fdf70093800 JavaThread "C2 CompilerThread0" daemon [_thread_blocked, id=18331, stack(0x00007fdf74182000,0x00007fdf74283000)]
  0x00007fdf70091000 JavaThread "Signal Dispatcher" daemon [_thread_blocked, id=18330, stack(0x00007fdf74283000,0x00007fdf74384000)]
  0x00007fdf70070800 JavaThread "Finalizer" daemon [_thread_blocked, id=18329, stack(0x00007fdf74384000,0x00007fdf74485000)]
  0x00007fdf7006e000 JavaThread "Reference Handler" daemon [_thread_blocked, id=18328, stack(0x00007fdf74485000,0x00007fdf74586000)]
  0x00007fdf7000a000 JavaThread "main" [_thread_blocked, id=18321, stack(0x00007fdf79022000,0x00007fdf79123000)]

Other Threads:
=>0x00007fdf7006a000 VMThread [stack: 0x00007fdf74586000,0x00007fdf74687000] [id=18327]
  0x00007fdf700a3000 WatcherThread [stack: 0x00007fdf6c71c000,0x00007fdf6c81d000] [id=18334]

VM state:at safepoint (normal execution)

VM Mutex/Monitor currently owned by a thread:  ([mutex/lock_event])
[0x00007fdf700066b0] Threads_lock - owner thread: 0x00007fdf7006a000
[0x00007fdf70006bb0] Heap_lock - owner thread: 0x00007fdf70143000

Heap
 PSYoungGen      total 71168K, used 10721K [0x00000000eaa80000, 0x00000000efb80000, 0x0000000100000000)
  eden space 60416K, 0% used [0x00000000eaa80000,0x00000000eaa80000,0x00000000ee580000)
  from space 10752K, 99% used [0x00000000ee580000,0x00000000eeff8548,0x00000000ef000000)
  to   space 9728K, 0% used [0x00000000ef000000,0x00000000ef000000,0x00000000ef980000)
 ParOldGen       total 40960K, used 18835K [0x00000000c0000000, 0x00000000c2800000, 0x00000000eaa80000)
  object space 40960K, 45% used [0x00000000c0000000,0x00000000c1264e68,0x00000000c2800000)
 PSPermGen       total 21504K, used 5935K [0x00000000bae00000, 0x00000000bc300000, 0x00000000c0000000)
  object space 21504K, 27% used [0x00000000bae00000,0x00000000bb3cbde0,0x00000000bc300000)

Card table byte_map: [0x00007fdf760eb000,0x00007fdf76315000] byte_map_base: 0x00007fdf75b14000

Polling page: 0x00007fdf79144000

Code Cache  [0x00007fdf6d000000, 0x00007fdf6d270000, 0x00007fdf70000000)
 total_blobs=467 nmethods=237 adapters=183 free_code_cache=48165Kb largest_free_block=49277440

Compilation events (10 events):
Event: 15.334 Thread 0x00007fdf70093800 nmethod 236 0x00007fdf6d0ddd50 code [0x00007fdf6d0ddea0, 0x00007fdf6d0ddf58]
Event: 15.334 Thread 0x00007fdf70093800  237             com.android.dx.util.IntList::mutableCopy (39 bytes)
Event: 15.390 Thread 0x00007fdf70093800 nmethod 237 0x00007fdf6d0d9d50 code [0x00007fdf6d0d9ec0, 0x00007fdf6d0da4b8]
Event: 15.390 Thread 0x00007fdf70093800  238             com.android.dx.rop.code.BasicBlockList$RegCountVisitor::processReg (19 bytes)
Event: 15.417 Thread 0x00007fdf70093800 nmethod 238 0x00007fdf6d0dc190 code [0x00007fdf6d0dc2e0, 0x00007fdf6d0dc3d8]
Event: 15.417 Thread 0x00007fdf70093800  239             com.android.dx.rop.code.RegisterSpec::getNextReg (10 bytes)
Event: 15.440 Thread 0x00007fdf70093800 nmethod 239 0x00007fdf6d0dbe50 code [0x00007fdf6d0dbfa0, 0x00007fdf6d0dc078]
Event: 15.440 Thread 0x00007fdf70093800  240             com.android.dx.rop.code.LocalVariableExtractor::processBlock (327 bytes)
Event: 19.060 Thread 0x00007fdf70093800 nmethod 240 0x00007fdf6d0fab50 code [0x00007fdf6d0faf40, 0x00007fdf6d0fd5d0]
Event: 19.080 Thread 0x00007fdf70093800  241             java.util.TreeMap::parentOf (13 bytes)

GC Heap History (10 events):
Event: 4.240 GC heap after
Heap after GC invocations=2 (full 0):
 PSYoungGen      total 17920K, used 2557K [0x00000000eaa80000, 0x00000000ecd80000, 0x0000000100000000)
  eden space 15360K, 0% used [0x00000000eaa80000,0x00000000eaa80000,0x00000000eb980000)
  from space 2560K, 99% used [0x00000000ebc00000,0x00000000ebe7f610,0x00000000ebe80000)
  to   space 2560K, 0% used [0x00000000eb980000,0x00000000eb980000,0x00000000ebc00000)
 ParOldGen       total 40960K, used 1900K [0x00000000c0000000, 0x00000000c2800000, 0x00000000eaa80000)
  object space 40960K, 4% used [0x00000000c0000000,0x00000000c01db098,0x00000000c2800000)
 PSPermGen       total 21504K, used 5630K [0x00000000bae00000, 0x00000000bc300000, 0x00000000c0000000)
  object space 21504K, 26% used [0x00000000bae00000,0x00000000bb37fb20,0x00000000bc300000)
}
Event: 6.468 GC heap before
{Heap before GC invocations=3 (full 0):
 PSYoungGen      total 17920K, used 17917K [0x00000000eaa80000, 0x00000000ecd80000, 0x0000000100000000)
  eden space 15360K, 100% used [0x00000000eaa80000,0x00000000eb980000,0x00000000eb980000)
  from space 2560K, 99% used [0x00000000ebc00000,0x00000000ebe7f610,0x00000000ebe80000)
  to   space 2560K, 0% used [0x00000000eb980000,0x00000000eb980000,0x00000000ebc00000)
 ParOldGen       total 40960K, used 1900K [0x00000000c0000000, 0x00000000c2800000, 0x00000000eaa80000)
  object space 40960K, 4% used [0x00000000c0000000,0x00000000c01db098,0x00000000c2800000)
 PSPermGen       total 21504K, used 5785K [0x00000000bae00000, 0x00000000bc300000, 0x00000000c0000000)
  object space 21504K, 26% used [0x00000000bae00000,0x00000000bb3a6568,0x00000000bc300000)
Event: 6.536 GC heap after
Heap after GC invocations=3 (full 0):
 PSYoungGen      total 17920K, used 2529K [0x00000000eaa80000, 0x00000000ecd80000, 0x0000000100000000)
  eden space 15360K, 0% used [0x00000000eaa80000,0x00000000eaa80000,0x00000000eb980000)
  from space 2560K, 98% used [0x00000000eb980000,0x00000000ebbf85d8,0x00000000ebc00000)
  to   space 2560K, 0% used [0x00000000ecb00000,0x00000000ecb00000,0x00000000ecd80000)
 ParOldGen       total 40960K, used 4707K [0x00000000c0000000, 0x00000000c2800000, 0x00000000eaa80000)
  object space 40960K, 11% used [0x00000000c0000000,0x00000000c0498f18,0x00000000c2800000)
 PSPermGen       total 21504K, used 5785K [0x00000000bae00000, 0x00000000bc300000, 0x00000000c0000000)
  object space 21504K, 26% used [0x00000000bae00000,0x00000000bb3a6568,0x00000000bc300000)
}
Event: 8.299 GC heap before
{Heap before GC invocations=4 (full 0):
 PSYoungGen      total 17920K, used 17889K [0x00000000eaa80000, 0x00000000ecd80000, 0x0000000100000000)
  eden space 15360K, 100% used [0x00000000eaa80000,0x00000000eb980000,0x00000000eb980000)
  from space 2560K, 98% used [0x00000000eb980000,0x00000000ebbf85d8,0x00000000ebc00000)
  to   space 2560K, 0% used [0x00000000ecb00000,0x00000000ecb00000,0x00000000ecd80000)
 ParOldGen       total 40960K, used 4707K [0x00000000c0000000, 0x00000000c2800000, 0x00000000eaa80000)
  object space 40960K, 11% used [0x00000000c0000000,0x00000000c0498f18,0x00000000c2800000)
 PSPermGen       total 21504K, used 5825K [0x00000000bae00000, 0x00000000bc300000, 0x00000000c0000000)
  object space 21504K, 27% used [0x00000000bae00000,0x00000000bb3b0540,0x00000000bc300000)
Event: 8.389 GC heap after
Heap after GC invocations=4 (full 0):
 PSYoungGen      total 33280K, used 2540K [0x00000000eaa80000, 0x00000000ecd80000, 0x0000000100000000)
  eden space 30720K, 0% used [0x00000000eaa80000,0x00000000eaa80000,0x00000000ec880000)
  from space 2560K, 99% used [0x00000000ecb00000,0x00000000ecd7b350,0x00000000ecd80000)
  to   space 2560K, 0% used [0x00000000ec880000,0x00000000ec880000,0x00000000ecb00000)
 ParOldGen       total 40960K, used 7507K [0x00000000c0000000, 0x00000000c2800000, 0x00000000eaa80000)
  object space 40960K, 18% used [0x00000000c0000000,0x00000000c0754f18,0x00000000c2800000)
 PSPermGen       total 21504K, used 5825K [0x00000000bae00000, 0x00000000bc300000, 0x00000000c0000000)
  object space 21504K, 27% used [0x00000000bae00000,0x00000000bb3b0540,0x00000000bc300000)
}
Event: 11.483 GC heap before
{Heap before GC invocations=5 (full 0):
 PSYoungGen      total 33280K, used 33260K [0x00000000eaa80000, 0x00000000ecd80000, 0x0000000100000000)
  eden space 30720K, 100% used [0x00000000eaa80000,0x00000000ec880000,0x00000000ec880000)
  from space 2560K, 99% used [0x00000000ecb00000,0x00000000ecd7b350,0x00000000ecd80000)
  to   space 2560K, 0% used [0x00000000ec880000,0x00000000ec880000,0x00000000ecb00000)
 ParOldGen       total 40960K, used 7507K [0x00000000c0000000, 0x00000000c2800000, 0x00000000eaa80000)
  object space 40960K, 18% used [0x00000000c0000000,0x00000000c0754f18,0x00000000c2800000)
 PSPermGen       total 21504K, used 5867K [0x00000000bae00000, 0x00000000bc300000, 0x00000000c0000000)
  object space 21504K, 27% used [0x00000000bae00000,0x00000000bb3baf48,0x00000000bc300000)
Event: 11.594 GC heap after
Heap after GC invocations=5 (full 0):
 PSYoungGen      total 33280K, used 2529K [0x00000000eaa80000, 0x00000000ef980000, 0x0000000100000000)
  eden space 30720K, 0% used [0x00000000eaa80000,0x00000000eaa80000,0x00000000ec880000)
  from space 2560K, 98% used [0x00000000ec880000,0x00000000ecaf85c8,0x00000000ecb00000)
  to   space 9728K, 0% used [0x00000000ef000000,0x00000000ef000000,0x00000000ef980000)
 ParOldGen       total 40960K, used 12997K [0x00000000c0000000, 0x00000000c2800000, 0x00000000eaa80000)
  object space 40960K, 31% used [0x00000000c0000000,0x00000000c0cb1568,0x00000000c2800000)
 PSPermGen       total 21504K, used 5867K [0x00000000bae00000, 0x00000000bc300000, 0x00000000c0000000)
  object space 21504K, 27% used [0x00000000bae00000,0x00000000bb3baf48,0x00000000bc300000)
}
Event: 14.087 GC heap before
{Heap before GC invocations=6 (full 0):
 PSYoungGen      total 33280K, used 33249K [0x00000000eaa80000, 0x00000000ef980000, 0x0000000100000000)
  eden space 30720K, 100% used [0x00000000eaa80000,0x00000000ec880000,0x00000000ec880000)
  from space 2560K, 98% used [0x00000000ec880000,0x00000000ecaf85c8,0x00000000ecb00000)
  to   space 9728K, 0% used [0x00000000ef000000,0x00000000ef000000,0x00000000ef980000)
 ParOldGen       total 40960K, used 12997K [0x00000000c0000000, 0x00000000c2800000, 0x00000000eaa80000)
  object space 40960K, 31% used [0x00000000c0000000,0x00000000c0cb1568,0x00000000c2800000)
 PSPermGen       total 21504K, used 5892K [0x00000000bae00000, 0x00000000bc300000, 0x00000000c0000000)
  object space 21504K, 27% used [0x00000000bae00000,0x00000000bb3c10d0,0x00000000bc300000)
Event: 14.232 GC heap after
Heap after GC invocations=6 (full 0):
 PSYoungGen      total 70144K, used 7836K [0x00000000eaa80000, 0x00000000efb80000, 0x0000000100000000)
  eden space 60416K, 0% used [0x00000000eaa80000,0x00000000eaa80000,0x00000000ee580000)
  from space 9728K, 80% used [0x00000000ef000000,0x00000000ef7a7380,0x00000000ef980000)
  to   space 10752K, 0% used [0x00000000ee580000,0x00000000ee580000,0x00000000ef000000)
 ParOldGen       total 40960K, used 12997K [0x00000000c0000000, 0x00000000c2800000, 0x00000000eaa80000)
  object space 40960K, 31% used [0x00000000c0000000,0x00000000c0cb1568,0x00000000c2800000)
 PSPermGen       total 21504K, used 5892K [0x00000000bae00000, 0x00000000bc300000, 0x00000000c0000000)
  object space 21504K, 27% used [0x00000000bae00000,0x00000000bb3c10d0,0x00000000bc300000)
}
Event: 28.800 GC heap before
{Heap before GC invocations=7 (full 0):
 PSYoungGen      total 70144K, used 68252K [0x00000000eaa80000, 0x00000000efb80000, 0x0000000100000000)
  eden space 60416K, 100% used [0x00000000eaa80000,0x00000000ee580000,0x00000000ee580000)
  from space 9728K, 80% used [0x00000000ef000000,0x00000000ef7a7380,0x00000000ef980000)
  to   space 10752K, 0% used [0x00000000ee580000,0x00000000ee580000,0x00000000ef000000)
 ParOldGen       total 40960K, used 12997K [0x00000000c0000000, 0x00000000c2800000, 0x00000000eaa80000)
  object space 40960K, 31% used [0x00000000c0000000,0x00000000c0cb1568,0x00000000c2800000)
 PSPermGen       total 21504K, used 5935K [0x00000000bae00000, 0x00000000bc300000, 0x00000000c0000000)
  object space 21504K, 27% used [0x00000000bae00000,0x00000000bb3cbde0,0x00000000bc300000)

Deoptimization events (10 events):
Event: 7.474 Thread 0x00007fdf7000a000 Uncommon trap: reason=unstable_if action=reinterpret pc=0x00007fdf6d08da08 method=com.android.dx.rop.code.RegisterSpec.equals(ILcom/android/dx/rop/type/TypeBearer;Lcom/android/dx/rop/code/LocalItem;)Z @ 42
Event: 8.163 Thread 0x00007fdf70146000 Uncommon trap: reason=unstable_if action=reinterpret pc=0x00007fdf6d083f44 method=com.android.dx.rop.cst.Constant.compareTo(Lcom/android/dx/rop/cst/Constant;)I @ 12
Event: 9.010 Thread 0x00007fdf70144800 Uncommon trap: reason=unstable_if action=reinterpret pc=0x00007fdf6d0942b4 method=com.android.dx.util.IntList.binarysearch(I)I @ 105
Event: 9.456 Thread 0x00007fdf70144800 Uncommon trap: reason=null_check action=make_not_entrant pc=0x00007fdf6d0ccd7c method=com.android.dx.ssa.SsaRenamer.getLocalForNewReg(I)Lcom/android/dx/rop/code/LocalItem; @ 19
Event: 10.196 Thread 0x00007fdf70144800 Uncommon trap: reason=class_check action=maybe_recompile pc=0x00007fdf6d078ae4 method=java.util.HashMap.put(Ljava/lang/Object;Ljava/lang/Object;)Ljava/lang/Object; @ 83
Event: 10.196 Thread 0x00007fdf70144800 Uncommon trap: reason=class_check action=maybe_recompile pc=0x00007fdf6d078ae4 method=java.util.HashMap.put(Ljava/lang/Object;Ljava/lang/Object;)Ljava/lang/Object; @ 83
Event: 10.196 Thread 0x00007fdf70144800 Uncommon trap: reason=class_check action=maybe_recompile pc=0x00007fdf6d078ae4 method=java.util.HashMap.put(Ljava/lang/Object;Ljava/lang/Object;)Ljava/lang/Object; @ 83
Event: 10.196 Thread 0x00007fdf70144800 Uncommon trap: reason=class_check action=maybe_recompile pc=0x00007fdf6d078ae4 method=java.util.HashMap.put(Ljava/lang/Object;Ljava/lang/Object;)Ljava/lang/Object; @ 83
Event: 19.206 Thread 0x00007fdf70140000 Uncommon trap: reason=unstable_if action=reinterpret pc=0x00007fdf6d0e0840 method=com.android.dx.ssa.SCCP.simulateBranch(Lcom/android/dx/ssa/SsaInsn;)V @ 548
Event: 21.650 Thread 0x00007fdf70140000 Uncommon trap: reason=bimorphic action=maybe_recompile pc=0x00007fdf6d0fcda4 method=com.android.dx.rop.code.RegisterSpec.withSimpleType()Lcom/android/dx/rop/code/RegisterSpec; @ 21

Internal exceptions (10 events):
Event: 3.140 Thread 0x00007fdf70140000 Threw 0x00000000eb11fb60 at /HUDSON/workspace/7u-2-build-linux-amd64/jdk7u80/2329/hotspot/src/share/vm/prims/jvm.cpp:1319
Event: 3.161 Thread 0x00007fdf70146000 Threw 0x00000000eb2628e0 at /HUDSON/workspace/7u-2-build-linux-amd64/jdk7u80/2329/hotspot/src/share/vm/prims/jvm.cpp:1319
Event: 3.524 Thread 0x00007fdf70143000 Threw 0x00000000eb40b698 at /HUDSON/workspace/7u-2-build-linux-amd64/jdk7u80/2329/hotspot/src/share/vm/prims/jvm.cpp:1319
Event: 4.005 Thread 0x00007fdf70143000 Threw 0x00000000eb7237c8 at /HUDSON/workspace/7u-2-build-linux-amd64/jdk7u80/2329/hotspot/src/share/vm/prims/jvm.cpp:1319
Event: 4.636 Thread 0x00007fdf70140000 Threw 0x00000000eacf4df8 at /HUDSON/workspace/7u-2-build-linux-amd64/jdk7u80/2329/hotspot/src/share/vm/prims/jvm.cpp:1319
Event: 5.846 Thread 0x00007fdf7000a000 Implicit null exception at 0x00007fdf6d0a7d4f to 0x00007fdf6d0a8435
Event: 9.125 Thread 0x00007fdf7000a000 Threw 0x00000000eb0365d0 at /HUDSON/workspace/7u-2-build-linux-amd64/jdk7u80/2329/hotspot/src/share/vm/prims/jvm.cpp:1319
Event: 9.307 Thread 0x00007fdf7000a000 Threw 0x00000000eb21b2b8 at /HUDSON/workspace/7u-2-build-linux-amd64/jdk7u80/2329/hotspot/src/share/vm/prims/jvm.cpp:1319
Event: 9.456 Thread 0x00007fdf70144800 Implicit null exception at 0x00007fdf6d0cb528 to 0x00007fdf6d0ccd59
Event: 11.652 Thread 0x00007fdf70146000 Threw 0x00000000eab0f950 at /HUDSON/workspace/7u-2-build-linux-amd64/jdk7u80/2329/hotspot/src/share/vm/prims/jvm.cpp:1319

Events (10 events):
Event: 14.246 Executing VM operation: RevokeBias done
Event: 14.246 Executing VM operation: BulkRevokeBias
Event: 14.246 Executing VM operation: BulkRevokeBias done
Event: 19.206 Thread 0x00007fdf70140000 Uncommon trap: trap_request=0xffffff75 fr.pc=0x00007fdf6d0e0840
Event: 19.206 Thread 0x00007fdf70140000 DEOPT PACKING pc=0x00007fdf6d0e0840 sp=0x00007fdf6c2f1fe0
Event: 19.206 Thread 0x00007fdf70140000 DEOPT UNPACKING pc=0x00007fdf6d039445 sp=0x00007fdf6c2f1fb8 mode 2
Event: 21.146 Thread 0x00007fdf70140000 Uncommon trap: trap_request=0xffffffc6 fr.pc=0x00007fdf6d0fcda4
Event: 21.650 Thread 0x00007fdf70140000 DEOPT PACKING pc=0x00007fdf6d0fcda4 sp=0x00007fdf6c2f2240
Event: 22.521 Thread 0x00007fdf70140000 DEOPT UNPACKING pc=0x00007fdf6d039445 sp=0x00007fdf6c2f21b8 mode 2
Event: 27.156 Executing VM operation: ParallelGCFailedAllocation


Dynamic libraries:
00400000-00401000 r-xp 00000000 08:06 1321596                            /usr/lib/jvm/java-7-oracle/bin/java
00600000-00601000 rw-p 00000000 08:06 1321596                            /usr/lib/jvm/java-7-oracle/bin/java
008bc000-008dd000 rw-p 00000000 00:00 0                                  [heap]
bae00000-bc300000 rw-p 00000000 00:00 0 
bc300000-c0000000 rw-p 00000000 00:00 0 
c0000000-c2800000 rw-p 00000000 00:00 0 
c2800000-eaa80000 rw-p 00000000 00:00 0 
eaa80000-efb80000 rw-p 00000000 00:00 0 
f3f80000-100000000 rw-p 00000000 00:00 0 
7fdf20000000-7fdf2002b000 rw-p 00000000 00:00 0 
7fdf2002b000-7fdf24000000 ---p 00000000 00:00 0 
7fdf24000000-7fdf24021000 rw-p 00000000 00:00 0 
7fdf24021000-7fdf28000000 ---p 00000000 00:00 0 
7fdf28000000-7fdf28021000 rw-p 00000000 00:00 0 
7fdf28021000-7fdf2c000000 ---p 00000000 00:00 0 
7fdf2c000000-7fdf2c021000 rw-p 00000000 00:00 0 
7fdf2c021000-7fdf30000000 ---p 00000000 00:00 0 
7fdf30000000-7fdf30021000 rw-p 00000000 00:00 0 
7fdf30021000-7fdf34000000 ---p 00000000 00:00 0 
7fdf34000000-7fdf34034000 rw-p 00000000 00:00 0 
7fdf34034000-7fdf38000000 ---p 00000000 00:00 0 
7fdf38000000-7fdf38021000 rw-p 00000000 00:00 0 
7fdf38021000-7fdf3c000000 ---p 00000000 00:00 0 
7fdf40000000-7fdf41120000 rw-p 00000000 00:00 0 
7fdf41120000-7fdf44000000 ---p 00000000 00:00 0 
7fdf44000000-7fdf453fc000 rw-p 00000000 00:00 0 
7fdf453fc000-7fdf48000000 ---p 00000000 00:00 0 
7fdf48000000-7fdf48021000 rw-p 00000000 00:00 0 
7fdf48021000-7fdf4c000000 ---p 00000000 00:00 0 
7fdf4c000000-7fdf4c021000 rw-p 00000000 00:00 0 
7fdf4c021000-7fdf50000000 ---p 00000000 00:00 0 
7fdf50000000-7fdf50257000 rw-p 00000000 00:00 0 
7fdf50257000-7fdf54000000 ---p 00000000 00:00 0 
7fdf54000000-7fdf54021000 rw-p 00000000 00:00 0 
7fdf54021000-7fdf58000000 ---p 00000000 00:00 0 
7fdf58000000-7fdf58021000 rw-p 00000000 00:00 0 
7fdf58021000-7fdf5c000000 ---p 00000000 00:00 0 
7fdf5c000000-7fdf5c021000 rw-p 00000000 00:00 0 
7fdf5c021000-7fdf60000000 ---p 00000000 00:00 0 
7fdf60000000-7fdf60021000 rw-p 00000000 00:00 0 
7fdf60021000-7fdf64000000 ---p 00000000 00:00 0 
7fdf65a6d000-7fdf65a70000 ---p 00000000 00:00 0 
7fdf65a70000-7fdf65b6e000 rw-p 00000000 00:00 0 
7fdf65b6e000-7fdf65b71000 ---p 00000000 00:00 0 
7fdf65b71000-7fdf65c6f000 rw-p 00000000 00:00 0 
7fdf65c6f000-7fdf65c72000 ---p 00000000 00:00 0 
7fdf65c72000-7fdf68000000 rw-p 00000000 00:00 0 
7fdf68000000-7fdf68021000 rw-p 00000000 00:00 0 
7fdf68021000-7fdf6c000000 ---p 00000000 00:00 0 
7fdf6c0f2000-7fdf6c0f5000 ---p 00000000 00:00 0 
7fdf6c0f5000-7fdf6c1f3000 rw-p 00000000 00:00 0 
7fdf6c1f3000-7fdf6c1f6000 ---p 00000000 00:00 0 
7fdf6c1f6000-7fdf6c2f4000 rw-p 00000000 00:00 0 
7fdf6c2f4000-7fdf6c30b000 r-xp 00000000 08:06 1191635                    /usr/lib/jvm/java-7-oracle/jre/lib/amd64/libnet.so
7fdf6c30b000-7fdf6c50a000 ---p 00017000 08:06 1191635                    /usr/lib/jvm/java-7-oracle/jre/lib/amd64/libnet.so
7fdf6c50a000-7fdf6c50b000 rw-p 00016000 08:06 1191635                    /usr/lib/jvm/java-7-oracle/jre/lib/amd64/libnet.so
7fdf6c50b000-7fdf6c51b000 r-xp 00000000 08:06 1191644                    /usr/lib/jvm/java-7-oracle/jre/lib/amd64/libnio.so
7fdf6c51b000-7fdf6c71b000 ---p 00010000 08:06 1191644                    /usr/lib/jvm/java-7-oracle/jre/lib/amd64/libnio.so
7fdf6c71b000-7fdf6c71c000 rw-p 00010000 08:06 1191644                    /usr/lib/jvm/java-7-oracle/jre/lib/amd64/libnio.so
7fdf6c71c000-7fdf6c71d000 ---p 00000000 00:00 0 
7fdf6c71d000-7fdf6c81d000 rw-p 00000000 00:00 0 
7fdf6c81d000-7fdf6c820000 ---p 00000000 00:00 0 
7fdf6c820000-7fdf6c91e000 rw-p 00000000 00:00 0 
7fdf6c91e000-7fdf6d000000 r--p 00000000 08:06 1056732                    /usr/lib/locale/locale-archive
7fdf6d000000-7fdf6d270000 rwxp 00000000 00:00 0 
7fdf6d270000-7fdf70166000 rw-p 00000000 00:00 0 
7fdf70166000-7fdf74000000 ---p 00000000 00:00 0 
7fdf7403a000-7fdf7406b000 rw-p 00000000 00:00 0 
7fdf7406b000-7fdf74081000 r--s 000f1000 08:06 813058                     /home/sumodkulkarni/AndroidStudioProjects/Interface/app/build/intermediates/exploded-aar/com.android.support/support-v4/23.4.0/jars/classes.jar
7fdf74081000-7fdf74084000 ---p 00000000 00:00 0 
7fdf74084000-7fdf74182000 rw-p 00000000 00:00 0 
7fdf74182000-7fdf74185000 ---p 00000000 00:00 0 
7fdf74185000-7fdf74283000 rw-p 00000000 00:00 0 
7fdf74283000-7fdf74286000 ---p 00000000 00:00 0 
7fdf74286000-7fdf74384000 rw-p 00000000 00:00 0 
7fdf74384000-7fdf74387000 ---p 00000000 00:00 0 
7fdf74387000-7fdf74485000 rw-p 00000000 00:00 0 
7fdf74485000-7fdf74488000 ---p 00000000 00:00 0 
7fdf74488000-7fdf74586000 rw-p 00000000 00:00 0 
7fdf74586000-7fdf74587000 ---p 00000000 00:00 0 
7fdf74587000-7fdf75686000 rw-p 00000000 00:00 0 
7fdf75686000-7fdf75846000 r--s 039fb000 08:06 1050887                    /usr/lib/jvm/java-7-oracle/jre/lib/rt.jar
7fdf75846000-7fdf75b68000 rw-p 00000000 00:00 0 
7fdf75b68000-7fdf75b69000 ---p 00000000 00:00 0 
7fdf75b69000-7fdf75c69000 rw-p 00000000 00:00 0 
7fdf75c69000-7fdf75c6a000 ---p 00000000 00:00 0 
7fdf75c6a000-7fdf75d6a000 rw-p 00000000 00:00 0 
7fdf75d6a000-7fdf75d6b000 ---p 00000000 00:00 0 
7fdf75d6b000-7fdf75e6b000 rw-p 00000000 00:00 0 
7fdf75e6b000-7fdf75e6c000 ---p 00000000 00:00 0 
7fdf75e6c000-7fdf75f77000 rw-p 00000000 00:00 0 
7fdf75f77000-7fdf75f95000 rw-p 00000000 00:00 0 
7fdf75f95000-7fdf75fa9000 rw-p 00000000 00:00 0 
7fdf75fa9000-7fdf760eb000 rw-p 00000000 00:00 0 
7fdf760eb000-7fdf760f6000 rw-p 00000000 00:00 0 
7fdf760f6000-7fdf76114000 rw-p 00000000 00:00 0 
7fdf76114000-7fdf76128000 rw-p 00000000 00:00 0 
7fdf76128000-7fdf76269000 rw-p 00000000 00:00 0 
7fdf76269000-7fdf76292000 rw-p 00000000 00:00 0 
7fdf76292000-7fdf76314000 rw-p 00000000 00:00 0 
7fdf76314000-7fdf76315000 rw-p 00000000 00:00 0 
7fdf76315000-7fdf7632c000 r-xp 00000000 08:06 1191598                    /usr/lib/jvm/java-7-oracle/jre/lib/amd64/libzip.so
7fdf7632c000-7fdf7652c000 ---p 00017000 08:06 1191598                    /usr/lib/jvm/java-7-oracle/jre/lib/amd64/libzip.so
7fdf7652c000-7fdf7652d000 rw-p 00017000 08:06 1191598                    /usr/lib/jvm/java-7-oracle/jre/lib/amd64/libzip.so
7fdf7652d000-7fdf76537000 r-xp 00000000 08:06 546802                     /lib/x86_64-linux-gnu/libnss_files-2.19.so
7fdf76537000-7fdf76736000 ---p 0000a000 08:06 546802                     /lib/x86_64-linux-gnu/libnss_files-2.19.so
7fdf76736000-7fdf76737000 r--p 00009000 08:06 546802                     /lib/x86_64-linux-gnu/libnss_files-2.19.so
7fdf76737000-7fdf76738000 rw-p 0000a000 08:06 546802                     /lib/x86_64-linux-gnu/libnss_files-2.19.so
7fdf76738000-7fdf76743000 r-xp 00000000 08:06 546794                     /lib/x86_64-linux-gnu/libnss_nis-2.19.so
7fdf76743000-7fdf76942000 ---p 0000b000 08:06 546794                     /lib/x86_64-linux-gnu/libnss_nis-2.19.so
7fdf76942000-7fdf76943000 r--p 0000a000 08:06 546794                     /lib/x86_64-linux-gnu/libnss_nis-2.19.so
7fdf76943000-7fdf76944000 rw-p 0000b000 08:06 546794                     /lib/x86_64-linux-gnu/libnss_nis-2.19.so
7fdf76944000-7fdf7695b000 r-xp 00000000 08:06 546790                     /lib/x86_64-linux-gnu/libnsl-2.19.so
7fdf7695b000-7fdf76b5a000 ---p 00017000 08:06 546790                     /lib/x86_64-linux-gnu/libnsl-2.19.so
7fdf76b5a000-7fdf76b5b000 r--p 00016000 08:06 546790                     /lib/x86_64-linux-gnu/libnsl-2.19.so
7fdf76b5b000-7fdf76b5c000 rw-p 00017000 08:06 546790                     /lib/x86_64-linux-gnu/libnsl-2.19.so
7fdf76b5c000-7fdf76b5e000 rw-p 00000000 00:00 0 
7fdf76b5e000-7fdf76b67000 r-xp 00000000 08:06 546789                     /lib/x86_64-linux-gnu/libnss_compat-2.19.so
7fdf76b67000-7fdf76d66000 ---p 00009000 08:06 546789                     /lib/x86_64-linux-gnu/libnss_compat-2.19.so
7fdf76d66000-7fdf76d67000 r--p 00008000 08:06 546789                     /lib/x86_64-linux-gnu/libnss_compat-2.19.so
7fdf76d67000-7fdf76d68000 rw-p 00009000 08:06 546789                     /lib/x86_64-linux-gnu/libnss_compat-2.19.so
7fdf76d68000-7fdf76d91000 r-xp 00000000 08:06 1191592                    /usr/lib/jvm/java-7-oracle/jre/lib/amd64/libjava.so
7fdf76d91000-7fdf76f91000 ---p 00029000 08:06 1191592                    /usr/lib/jvm/java-7-oracle/jre/lib/amd64/libjava.so
7fdf76f91000-7fdf76f93000 rw-p 00029000 08:06 1191592                    /usr/lib/jvm/java-7-oracle/jre/lib/amd64/libjava.so
7fdf76f93000-7fdf76fa0000 r-xp 00000000 08:06 1191631                    /usr/lib/jvm/java-7-oracle/jre/lib/amd64/libverify.so
7fdf76fa0000-7fdf7719f000 ---p 0000d000 08:06 1191631                    /usr/lib/jvm/java-7-oracle/jre/lib/amd64/libverify.so
7fdf7719f000-7fdf771a1000 rw-p 0000c000 08:06 1191631                    /usr/lib/jvm/java-7-oracle/jre/lib/amd64/libverify.so
7fdf771a1000-7fdf771a8000 r-xp 00000000 08:06 546798                     /lib/x86_64-linux-gnu/librt-2.19.so
7fdf771a8000-7fdf773a7000 ---p 00007000 08:06 546798                     /lib/x86_64-linux-gnu/librt-2.19.so
7fdf773a7000-7fdf773a8000 r--p 00006000 08:06 546798                     /lib/x86_64-linux-gnu/librt-2.19.so
7fdf773a8000-7fdf773a9000 rw-p 00007000 08:06 546798                     /lib/x86_64-linux-gnu/librt-2.19.so
7fdf773a9000-7fdf774ae000 r-xp 00000000 08:06 546756                     /lib/x86_64-linux-gnu/libm-2.19.so
7fdf774ae000-7fdf776ad000 ---p 00105000 08:06 546756                     /lib/x86_64-linux-gnu/libm-2.19.so
7fdf776ad000-7fdf776ae000 r--p 00104000 08:06 546756                     /lib/x86_64-linux-gnu/libm-2.19.so
7fdf776ae000-7fdf776af000 rw-p 00105000 08:06 546756                     /lib/x86_64-linux-gnu/libm-2.19.so
7fdf776af000-7fdf78225000 r-xp 00000000 08:06 1191590                    /usr/lib/jvm/java-7-oracle/jre/lib/amd64/server/libjvm.so
7fdf78225000-7fdf78424000 ---p 00b76000 08:06 1191590                    /usr/lib/jvm/java-7-oracle/jre/lib/amd64/server/libjvm.so
7fdf78424000-7fdf784e8000 rw-p 00b75000 08:06 1191590                    /usr/lib/jvm/java-7-oracle/jre/lib/amd64/server/libjvm.so
7fdf784e8000-7fdf78529000 rw-p 00000000 00:00 0 
7fdf78529000-7fdf786e3000 r-xp 00000000 08:06 546799                     /lib/x86_64-linux-gnu/libc-2.19.so
7fdf786e3000-7fdf788e3000 ---p 001ba000 08:06 546799                     /lib/x86_64-linux-gnu/libc-2.19.so
7fdf788e3000-7fdf788e7000 r--p 001ba000 08:06 546799                     /lib/x86_64-linux-gnu/libc-2.19.so
7fdf788e7000-7fdf788e9000 rw-p 001be000 08:06 546799                     /lib/x86_64-linux-gnu/libc-2.19.so
7fdf788e9000-7fdf788ee000 rw-p 00000000 00:00 0 
7fdf788ee000-7fdf788f1000 r-xp 00000000 08:06 546778                     /lib/x86_64-linux-gnu/libdl-2.19.so
7fdf788f1000-7fdf78af0000 ---p 00003000 08:06 546778                     /lib/x86_64-linux-gnu/libdl-2.19.so
7fdf78af0000-7fdf78af1000 r--p 00002000 08:06 546778                     /lib/x86_64-linux-gnu/libdl-2.19.so
7fdf78af1000-7fdf78af2000 rw-p 00003000 08:06 546778                     /lib/x86_64-linux-gnu/libdl-2.19.so
7fdf78af2000-7fdf78b07000 r-xp 00000000 08:06 1585847                    /usr/lib/jvm/java-7-oracle/lib/amd64/jli/libjli.so
7fdf78b07000-7fdf78d06000 ---p 00015000 08:06 1585847                    /usr/lib/jvm/java-7-oracle/lib/amd64/jli/libjli.so
7fdf78d06000-7fdf78d07000 rw-p 00014000 08:06 1585847                    /usr/lib/jvm/java-7-oracle/lib/amd64/jli/libjli.so
7fdf78d07000-7fdf78d20000 r-xp 00000000 08:06 546791                     /lib/x86_64-linux-gnu/libpthread-2.19.so
7fdf78d20000-7fdf78f1f000 ---p 00019000 08:06 546791                     /lib/x86_64-linux-gnu/libpthread-2.19.so
7fdf78f1f000-7fdf78f20000 r--p 00018000 08:06 546791                     /lib/x86_64-linux-gnu/libpthread-2.19.so
7fdf78f20000-7fdf78f21000 rw-p 00019000 08:06 546791                     /lib/x86_64-linux-gnu/libpthread-2.19.so
7fdf78f21000-7fdf78f25000 rw-p 00000000 00:00 0 
7fdf78f25000-7fdf78f48000 r-xp 00000000 08:06 546792                     /lib/x86_64-linux-gnu/ld-2.19.so
7fdf78f4c000-7fdf78f6c000 rw-p 00000000 00:00 0 
7fdf78f6c000-7fdf79022000 rw-p 00000000 00:00 0 
7fdf79022000-7fdf79025000 ---p 00000000 00:00 0 
7fdf79025000-7fdf79127000 rw-p 00000000 00:00 0 
7fdf7912b000-7fdf7912c000 rw-p 00000000 00:00 0 
7fdf7912c000-7fdf7913b000 r--s 000df000 08:06 1073745                    /home/sumodkulkarni/Android/Sdk/build-tools/23.0.3/lib/dx.jar
7fdf7913b000-7fdf79143000 rw-s 00000000 08:06 2510141                    /tmp/hsperfdata_sumodkulkarni/18318
7fdf79143000-7fdf79144000 rw-p 00000000 00:00 0 
7fdf79144000-7fdf79145000 ---p 00000000 00:00 0 
7fdf79145000-7fdf79147000 rw-p 00000000 00:00 0 
7fdf79147000-7fdf79148000 r--p 00022000 08:06 546792                     /lib/x86_64-linux-gnu/ld-2.19.so
7fdf79148000-7fdf79149000 rw-p 00023000 08:06 546792                     /lib/x86_64-linux-gnu/ld-2.19.so
7fdf79149000-7fdf7914a000 rw-p 00000000 00:00 0 
7fff31084000-7fff310a5000 rw-p 00000000 00:00 0                          [stack]
7fff31170000-7fff31172000 r--p 00000000 00:00 0                          [vvar]
7fff31172000-7fff31174000 r-xp 00000000 00:00 0                          [vdso]
ffffffffff600000-ffffffffff601000 r-xp 00000000 00:00 0                  [vsyscall]

VM Arguments:
jvm_args: -Djava.awt.headless=true -Xmx1024M -Dfile.encoding=UTF-8 -Duser.country=IN -Duser.language=en -Duser.variant 
java_command: com.android.dx.command.Main --dex --force-jumbo --num-threads=4 --multi-dex --output /home/sumodkulkarni/AndroidStudioProjects/Interface/app/build/intermediates/transforms/dex/debug/folders/1000/10/com.android.support-support-v4-23.4.0_04d743f73891647815b42469fb26c2b906ba0095 /home/sumodkulkarni/AndroidStudioProjects/Interface/app/build/intermediates/exploded-aar/com.android.support/support-v4/23.4.0/jars/classes.jar
Launcher Type: SUN_STANDARD

Environment Variables:
JAVA_HOME=/usr/lib/jvm/java-7-oracle
PATH=/usr/local/sbin:/usr/local/bin:/usr/sbin:/usr/bin:/sbin:/bin:/usr/games:/usr/local/games
SHELL=/bin/bash
DISPLAY=:0

Signal Handlers:
SIGSEGV: [libjvm.so+0x9a3b20], sa_mask[0]=0x7ffbfeff, sa_flags=0x10000004
SIGBUS: [libjvm.so+0x9a3b20], sa_mask[0]=0x7ffbfeff, sa_flags=0x10000004
SIGFPE: [libjvm.so+0x81e740], sa_mask[0]=0x7ffbfeff, sa_flags=0x10000004
SIGPIPE: [libjvm.so+0x81e740], sa_mask[0]=0x7ffbfeff, sa_flags=0x10000004
SIGXFSZ: [libjvm.so+0x81e740], sa_mask[0]=0x7ffbfeff, sa_flags=0x10000004
SIGILL: [libjvm.so+0x81e740], sa_mask[0]=0x7ffbfeff, sa_flags=0x10000004
SIGUSR1: SIG_DFL, sa_mask[0]=0x00000000, sa_flags=0x00000000
SIGUSR2: [libjvm.so+0x81ffb0], sa_mask[0]=0x00000004, sa_flags=0x10000004
SIGHUP: [libjvm.so+0x8210d0], sa_mask[0]=0x7ffbfeff, sa_flags=0x10000004
SIGINT: [libjvm.so+0x8210d0], sa_mask[0]=0x7ffbfeff, sa_flags=0x10000004
SIGTERM: [libjvm.so+0x8210d0], sa_mask[0]=0x7ffbfeff, sa_flags=0x10000004
SIGQUIT: [libjvm.so+0x8210d0], sa_mask[0]=0x7ffbfeff, sa_flags=0x10000004


---------------  S Y S T E M  ---------------

OS:jessie/sid

uname:Linux 4.2.0-38-generic #45~14.04.1-Ubuntu SMP Thu Jun 9 09:27:51 UTC 2016 x86_64
libc:glibc 2.19 NPTL 2.19 
rlimit: STACK 8192k, CORE 0k, NPROC 15271, NOFILE 4096, AS infinity
load average:41.06 17.70 7.35

/proc/meminfo:
MemTotal:        3931556 kB
MemFree:          104748 kB
MemAvailable:      55272 kB
Buffers:             508 kB
Cached:           169472 kB
SwapCached:         3600 kB
Active:          2890992 kB
Inactive:         758064 kB
Active(anon):    2882040 kB
Inactive(anon):   737496 kB
Active(file):       8952 kB
Inactive(file):    20568 kB
Unevictable:         232 kB
Mlocked:             232 kB
SwapTotal:        999420 kB
SwapFree:              4 kB
Dirty:               180 kB
Writeback:             0 kB
AnonPages:       3476268 kB
Mapped:            79148 kB
Shmem:            140368 kB
Slab:              76928 kB
SReclaimable:      40468 kB
SUnreclaim:        36460 kB
KernelStack:       11440 kB
PageTables:        47680 kB
NFS_Unstable:          0 kB
Bounce:                0 kB
WritebackTmp:          0 kB
CommitLimit:     2965196 kB
Committed_AS:    9701216 kB
VmallocTotal:   34359738367 kB
VmallocUsed:      545420 kB
VmallocChunk:   34358423548 kB
HardwareCorrupted:     0 kB
AnonHugePages:   1734656 kB
CmaTotal:              0 kB
CmaFree:               0 kB
HugePages_Total:       0
HugePages_Free:        0
HugePages_Rsvd:        0
HugePages_Surp:        0
Hugepagesize:       2048 kB
DirectMap4k:      167676 kB
DirectMap2M:     3911680 kB


CPU:total 4 (2 cores per cpu, 2 threads per core) family 6 model 58 stepping 9, cmov, cx8, fxsr, mmx, sse, sse2, sse3, ssse3, sse4.1, sse4.2, popcnt, avx, erms, ht, tsc, tscinvbit, tscinv

/proc/cpuinfo:
processor	: 0
vendor_id	: GenuineIntel
cpu family	: 6
model		: 58
model name	: Intel(R) Core(TM) i3-3217U CPU @ 1.80GHz
stepping	: 9
microcode	: 0x17
cpu MHz		: 1800.000
cache size	: 3072 KB
physical id	: 0
siblings	: 4
core id		: 0
cpu cores	: 2
apicid		: 0
initial apicid	: 0
fpu		: yes
fpu_exception	: yes
cpuid level	: 13
wp		: yes
flags		: fpu vme de pse tsc msr pae mce cx8 apic sep mtrr pge mca cmov pat pse36 clflush dts acpi mmx fxsr sse sse2 ss ht tm pbe syscall nx rdtscp lm constant_tsc arch_perfmon pebs bts rep_good nopl xtopology nonstop_tsc aperfmperf eagerfpu pni pclmulqdq dtes64 monitor ds_cpl vmx est tm2 ssse3 cx16 xtpr pdcm pcid sse4_1 sse4_2 x2apic popcnt tsc_deadline_timer xsave avx f16c lahf_lm ida arat epb pln pts dtherm tpr_shadow vnmi flexpriority ept vpid fsgsbase smep erms xsaveopt
bugs		:
bogomips	: 3591.82
clflush size	: 64
cache_alignment	: 64
address sizes	: 36 bits physical, 48 bits virtual
power management:

processor	: 1
vendor_id	: GenuineIntel
cpu family	: 6
model		: 58
model name	: Intel(R) Core(TM) i3-3217U CPU @ 1.80GHz
stepping	: 9
microcode	: 0x17
cpu MHz		: 1800.000
cache size	: 3072 KB
physical id	: 0
siblings	: 4
core id		: 0
cpu cores	: 2
apicid		: 1
initial apicid	: 1
fpu		: yes
fpu_exception	: yes
cpuid level	: 13
wp		: yes
flags		: fpu vme de pse tsc msr pae mce cx8 apic sep mtrr pge mca cmov pat pse36 clflush dts acpi mmx fxsr sse sse2 ss ht tm pbe syscall nx rdtscp lm constant_tsc arch_perfmon pebs bts rep_good nopl xtopology nonstop_tsc aperfmperf eagerfpu pni pclmulqdq dtes64 monitor ds_cpl vmx est tm2 ssse3 cx16 xtpr pdcm pcid sse4_1 sse4_2 x2apic popcnt tsc_deadline_timer xsave avx f16c lahf_lm ida arat epb pln pts dtherm tpr_shadow vnmi flexpriority ept vpid fsgsbase smep erms xsaveopt
bugs		:
bogomips	: 3591.82
clflush size	: 64
cache_alignment	: 64
address sizes	: 36 bits physical, 48 bits virtual
power management:

processor	: 2
vendor_id	: GenuineIntel
cpu family	: 6
model		: 58
model name	: Intel(R) Core(TM) i3-3217U CPU @ 1.80GHz
stepping	: 9
microcode	: 0x17
cpu MHz		: 1514.250
cache size	: 3072 KB
physical id	: 0
siblings	: 4
core id		: 1
cpu cores	: 2
apicid		: 2
initial apicid	: 2
fpu		: yes
fpu_exception	: yes
cpuid level	: 13
wp		: yes
flags		: fpu vme de pse tsc msr pae mce cx8 apic sep mtrr pge mca cmov pat pse36 clflush dts acpi mmx fxsr sse sse2 ss ht tm pbe syscall nx rdtscp lm constant_tsc arch_perfmon pebs bts rep_good nopl xtopology nonstop_tsc aperfmperf eagerfpu pni pclmulqdq dtes64 monitor ds_cpl vmx est tm2 ssse3 cx16 xtpr pdcm pcid sse4_1 sse4_2 x2apic popcnt tsc_deadline_timer xsave avx f16c lahf_lm ida arat epb pln pts dtherm tpr_shadow vnmi flexpriority ept vpid fsgsbase smep erms xsaveopt
bugs		:
bogomips	: 3591.82
clflush size	: 64
cache_alignment	: 64
address sizes	: 36 bits physical, 48 bits virtual
power management:

processor	: 3
vendor_id	: GenuineIntel
cpu family	: 6
model		: 58
model name	: Intel(R) Core(TM) i3-3217U CPU @ 1.80GHz
stepping	: 9
microcode	: 0x17
cpu MHz		: 1800.070
cache size	: 3072 KB
physical id	: 0
siblings	: 4
core id		: 1
cpu cores	: 2
apicid		: 3
initial apicid	: 3
fpu		: yes
fpu_exception	: yes
cpuid level	: 13
wp		: yes
flags		: fpu vme de pse tsc msr pae mce cx8 apic sep mtrr pge mca cmov pat pse36 clflush dts acpi mmx fxsr sse sse2 ss ht tm pbe syscall nx rdtscp lm constant_tsc arch_perfmon pebs bts rep_good nopl xtopology nonstop_tsc aperfmperf eagerfpu pni pclmulqdq dtes64 monitor ds_cpl vmx est tm2 ssse3 cx16 xtpr pdcm pcid sse4_1 sse4_2 x2apic popcnt tsc_deadline_timer xsave avx f16c lahf_lm ida arat epb pln pts dtherm tpr_shadow vnmi flexpriority ept vpid fsgsbase smep erms xsaveopt
bugs		:
bogomips	: 3591.82
clflush size	: 64
cache_alignment	: 64
address sizes	: 36 bits physical, 48 bits virtual
power management:



Memory: 4k page, physical 3931556k(104748k free), swap 999420k(4k free)

vm_info: Java HotSpot(TM) 64-Bit Server VM (24.80-b11) for linux-amd64 JRE (1.7.0_80-b15), built on Apr 10 2015 19:53:14 by "java_re" with gcc 4.3.0 20080428 (Red Hat 4.3.0-8)

time: Sun Jun 19 01:03:33 2016
elapsed time: 139 seconds

